<?xml version="1.0" encoding="UTF-8"?>
<testng-results skipped="0" failed="1" ignored="0" total="2" passed="1">
  <reporter-output>
  </reporter-output>
  <suite name="Suite1" duration-ms="41163" started-at="2021-08-17T07:05:50 IST" finished-at="2021-08-17T07:06:31 IST">
    <groups>
    </groups>
    <test name="Firefox" duration-ms="41163" started-at="2021-08-17T07:05:50 IST" finished-at="2021-08-17T07:06:31 IST">
      <class name="org.selenium.pom.tests.MyFirstTestCase">
        <test-method status="PASS" signature="startDriver(java.lang.String)[pri:0, instance:org.selenium.pom.tests.MyFirstTestCase@1f7030a6]" name="startDriver" is-config="true" duration-ms="9335" started-at="2021-08-17T07:05:50 IST" finished-at="2021-08-17T07:05:59 IST">
          <params>
            <param index="0">
              <value>
                <![CDATA[chrome]]>
              </value>
            </param>
          </params>
          <reporter-output>
          </reporter-output>
        </test-method> <!-- startDriver -->
        <test-method status="PASS" signature="driverTestcase()[pri:0, instance:org.selenium.pom.tests.MyFirstTestCase@1f7030a6]" name="driverTestcase" duration-ms="11696" started-at="2021-08-17T07:05:59 IST" finished-at="2021-08-17T07:06:11 IST">
          <reporter-output>
          </reporter-output>
        </test-method> <!-- driverTestcase -->
        <test-method status="PASS" signature="teardown()[pri:0, instance:org.selenium.pom.tests.MyFirstTestCase@1f7030a6]" name="teardown" is-config="true" duration-ms="774" started-at="2021-08-17T07:06:11 IST" finished-at="2021-08-17T07:06:12 IST">
          <reporter-output>
          </reporter-output>
        </test-method> <!-- teardown -->
        <test-method status="PASS" signature="startDriver(java.lang.String)[pri:0, instance:org.selenium.pom.tests.MyFirstTestCase@1f7030a6]" name="startDriver" is-config="true" duration-ms="2662" started-at="2021-08-17T07:06:12 IST" finished-at="2021-08-17T07:06:14 IST">
          <params>
            <param index="0">
              <value>
                <![CDATA[chrome]]>
              </value>
            </param>
          </params>
          <reporter-output>
          </reporter-output>
        </test-method> <!-- startDriver -->
        <test-method status="FAIL" signature="secondTestCases()[pri:0, instance:org.selenium.pom.tests.MyFirstTestCase@1f7030a6]" name="secondTestCases" duration-ms="15846" started-at="2021-08-17T07:06:14 IST" finished-at="2021-08-17T07:06:30 IST">
          <exception class="org.openqa.selenium.NoSuchElementException">
            <message>
              <![CDATA[no such element: Unable to locate element: {"method":"css selector","selector":".woocommerce-notice.woocommerce-notice--success.woocommerce-thankyou-order-received"}
  (Session info: chrome=92.0.4515.131)
For documentation on this error, please visit: https://selenium.dev/exceptions/#no_such_element
Build info: version: '4.0.0-beta-4', revision: '29f46d02dd'
System info: host: 'WKWIN0100616', ip: '192.168.43.86', os.name: 'Windows 10', os.arch: 'amd64', os.version: '10.0', java.version: '1.8.0_271'
Driver info: org.openqa.selenium.chrome.ChromeDriver
Command: [cbbb102d515e7afc17daac6d6475be4a, findElement {using=css selector, value=.woocommerce-notice.woocommerce-notice--success.woocommerce-thankyou-order-received}]
Capabilities {acceptInsecureCerts: false, browserName: chrome, browserVersion: 92.0.4515.131, chrome: {chromedriverVersion: 92.0.4515.107 (87a818b10553..., userDataDir: C:\Users\kummayan\AppData\L...}, goog:chromeOptions: {debuggerAddress: localhost:63315}, javascriptEnabled: true, networkConnectionEnabled: false, pageLoadStrategy: normal, platform: WINDOWS, platformName: WINDOWS, proxy: Proxy(), se:cdp: ws://localhost:63315/devtoo..., se:cdpVersion: 92.0.4515.131, setWindowRect: true, strictFileInteractability: false, timeouts: {implicit: 0, pageLoad: 300000, script: 30000}, unhandledPromptBehavior: dismiss and notify, webauthn:extension:credBlob: true, webauthn:extension:largeBlob: true, webauthn:virtualAuthenticators: true}
Session ID: cbbb102d515e7afc17daac6d6475be4a]]>
            </message>
            <full-stacktrace>
              <![CDATA[org.openqa.selenium.NoSuchElementException: no such element: Unable to locate element: {"method":"css selector","selector":".woocommerce-notice.woocommerce-notice--success.woocommerce-thankyou-order-received"}
  (Session info: chrome=92.0.4515.131)
For documentation on this error, please visit: https://selenium.dev/exceptions/#no_such_element
Build info: version: '4.0.0-beta-4', revision: '29f46d02dd'
System info: host: 'WKWIN0100616', ip: '192.168.43.86', os.name: 'Windows 10', os.arch: 'amd64', os.version: '10.0', java.version: '1.8.0_271'
Driver info: org.openqa.selenium.chrome.ChromeDriver
Command: [cbbb102d515e7afc17daac6d6475be4a, findElement {using=css selector, value=.woocommerce-notice.woocommerce-notice--success.woocommerce-thankyou-order-received}]
Capabilities {acceptInsecureCerts: false, browserName: chrome, browserVersion: 92.0.4515.131, chrome: {chromedriverVersion: 92.0.4515.107 (87a818b10553..., userDataDir: C:\Users\kummayan\AppData\L...}, goog:chromeOptions: {debuggerAddress: localhost:63315}, javascriptEnabled: true, networkConnectionEnabled: false, pageLoadStrategy: normal, platform: WINDOWS, platformName: WINDOWS, proxy: Proxy(), se:cdp: ws://localhost:63315/devtoo..., se:cdpVersion: 92.0.4515.131, setWindowRect: true, strictFileInteractability: false, timeouts: {implicit: 0, pageLoad: 300000, script: 30000}, unhandledPromptBehavior: dismiss and notify, webauthn:extension:credBlob: true, webauthn:extension:largeBlob: true, webauthn:virtualAuthenticators: true}
Session ID: cbbb102d515e7afc17daac6d6475be4a
at sun.reflect.NativeConstructorAccessorImpl.newInstance0(Native Method)
at sun.reflect.NativeConstructorAccessorImpl.newInstance(NativeConstructorAccessorImpl.java:62)
at sun.reflect.DelegatingConstructorAccessorImpl.newInstance(DelegatingConstructorAccessorImpl.java:45)
at java.lang.reflect.Constructor.newInstance(Constructor.java:423)
at org.openqa.selenium.remote.codec.w3c.W3CHttpResponseCodec.createException(W3CHttpResponseCodec.java:200)
at org.openqa.selenium.remote.codec.w3c.W3CHttpResponseCodec.decode(W3CHttpResponseCodec.java:133)
at org.openqa.selenium.remote.codec.w3c.W3CHttpResponseCodec.decode(W3CHttpResponseCodec.java:53)
at org.openqa.selenium.remote.HttpCommandExecutor.execute(HttpCommandExecutor.java:184)
at org.openqa.selenium.remote.service.DriverCommandExecutor.invokeExecute(DriverCommandExecutor.java:162)
at org.openqa.selenium.remote.service.DriverCommandExecutor.execute(DriverCommandExecutor.java:137)
at org.openqa.selenium.remote.RemoteWebDriver.execute(RemoteWebDriver.java:612)
at org.openqa.selenium.remote.RemoteWebDriver$Mechanism$2.findElement(RemoteWebDriver.java:1251)
at org.openqa.selenium.remote.RemoteWebDriver.findElement(RemoteWebDriver.java:379)
at org.openqa.selenium.remote.RemoteWebDriver.findElement(RemoteWebDriver.java:373)
at org.selenium.pom.pages.CheckoutPage.getOderConfirmation(CheckoutPage.java:126)
at org.selenium.pom.tests.MyFirstTestCase.secondTestCases(MyFirstTestCase.java:101)
at sun.reflect.NativeMethodAccessorImpl.invoke0(Native Method)
at sun.reflect.NativeMethodAccessorImpl.invoke(NativeMethodAccessorImpl.java:62)
at sun.reflect.DelegatingMethodAccessorImpl.invoke(DelegatingMethodAccessorImpl.java:43)
at java.lang.reflect.Method.invoke(Method.java:498)
at org.testng.internal.MethodInvocationHelper.invokeMethod(MethodInvocationHelper.java:133)
at org.testng.internal.TestInvoker.invokeMethod(TestInvoker.java:598)
at org.testng.internal.TestInvoker.invokeTestMethod(TestInvoker.java:173)
at org.testng.internal.MethodRunner.runInSequence(MethodRunner.java:46)
at org.testng.internal.TestInvoker$MethodInvocationAgent.invoke(TestInvoker.java:824)
at org.testng.internal.TestInvoker.invokeTestMethods(TestInvoker.java:146)
at org.testng.internal.TestMethodWorker.invokeTestMethods(TestMethodWorker.java:146)
at org.testng.internal.TestMethodWorker.run(TestMethodWorker.java:128)
at java.util.ArrayList.forEach(ArrayList.java:1259)
at org.testng.TestRunner.privateRun(TestRunner.java:794)
at org.testng.TestRunner.run(TestRunner.java:596)
at org.testng.SuiteRunner.runTest(SuiteRunner.java:377)
at org.testng.SuiteRunner.runSequentially(SuiteRunner.java:371)
at org.testng.SuiteRunner.privateRun(SuiteRunner.java:332)
at org.testng.SuiteRunner.run(SuiteRunner.java:276)
at org.testng.SuiteRunnerWorker.runSuite(SuiteRunnerWorker.java:53)
at org.testng.SuiteRunnerWorker.run(SuiteRunnerWorker.java:96)
at org.testng.TestNG.runSuitesSequentially(TestNG.java:1212)
at org.testng.TestNG.runSuitesLocally(TestNG.java:1134)
at org.testng.TestNG.runSuites(TestNG.java:1063)
at org.testng.TestNG.run(TestNG.java:1031)
at org.apache.maven.surefire.testng.TestNGExecutor.run(TestNGExecutor.java:284)
at org.apache.maven.surefire.testng.TestNGXmlTestSuite.execute(TestNGXmlTestSuite.java:75)
at org.apache.maven.surefire.testng.TestNGProvider.invoke(TestNGProvider.java:119)
at org.apache.maven.surefire.booter.ForkedBooter.runSuitesInProcess(ForkedBooter.java:428)
at org.apache.maven.surefire.booter.ForkedBooter.execute(ForkedBooter.java:162)
at org.apache.maven.surefire.booter.ForkedBooter.run(ForkedBooter.java:562)
at org.apache.maven.surefire.booter.ForkedBooter.main(ForkedBooter.java:548)
]]>
            </full-stacktrace>
          </exception> <!-- org.openqa.selenium.NoSuchElementException -->
          <reporter-output>
          </reporter-output>
        </test-method> <!-- secondTestCases -->
        <test-method status="PASS" signature="teardown()[pri:0, instance:org.selenium.pom.tests.MyFirstTestCase@1f7030a6]" name="teardown" is-config="true" duration-ms="784" started-at="2021-08-17T07:06:30 IST" finished-at="2021-08-17T07:06:31 IST">
          <reporter-output>
          </reporter-output>
        </test-method> <!-- teardown -->
      </class> <!-- org.selenium.pom.tests.MyFirstTestCase -->
    </test> <!-- Firefox -->
  </suite> <!-- Suite1 -->
</testng-results>
