<?xml version="1.0" encoding="UTF-8"?>
<testsuite xmlns:xsi="http://www.w3.org/2001/XMLSchema-instance" xsi:noNamespaceSchemaLocation="https://maven.apache.org/surefire/maven-surefire-plugin/xsd/surefire-test-report-3.0.xsd" version="3.0" name="TestSuite" time="47.195" tests="2" errors="0" skipped="0" failures="1">
  <properties>
[...]
</properties>
  <testcase name="driverTestcase" classname="org.selenium.pom.tests.MyFirstTestCase" time="9.643">
    <system-out><![CDATA[OverLay size is2
Overlay is not visible
]]></system-out>
    <system-err><![CDATA[SLF4J: Failed to load class "org.slf4j.impl.StaticLoggerBinder".
SLF4J: Defaulting to no-operation (NOP) logger implementation
SLF4J: See http://www.slf4j.org/codes.html#StaticLoggerBinder for further details.
1629402964094	geckodriver	INFO	Listening on 127.0.0.1:11707
1629402965558	mozrunner::runner	INFO	Running command: "C:\\Program Files\\Mozilla Firefox\\firefox.exe" "--marionette" "--remote-debugging-port" "0" "-foreground" "-no-remote" "-profile" "C:\\Users\\kummayan\\AppData\\Local\\Temp\\rust_mozprofilejfGIry"
1629402966257	Marionette	INFO	Marionette enabled
console.warn: SearchSettings: "get: No settings file exists, new profile?" (new NotFoundError("Could not open the file at C:\\Users\\kummayan\\AppData\\Local\\Temp\\rust_mozprofilejfGIry\\search.json.mozlz4", (void 0)))
DevTools listening on ws://localhost:56440/devtools/browser/7081ab1e-7ab7-4e7c-892b-c525de150f93
1629402970706	Marionette	INFO	Listening on port 62316
1629402970927	RemoteAgent	WARN	TLS certificate errors will be ignored for this session
Aug 20, 2021 1:26:11 AM org.openqa.selenium.remote.ProtocolHandshake createSession
INFO: Detected dialect: W3C
JavaScript error: resource://gre/modules/XULStore.jsm, line 66: Error: Can't find profile directory.
JavaScript error: resource://gre/modules/XULStore.jsm, line 66: Error: Can't find profile directory.
]]></system-err>
  </testcase>
  <testcase name="secondTestCases" classname="org.selenium.pom.tests.MyFirstTestCase" time="15.373">
    <failure message="Unable to locate element: .woocommerce-notice.woocommerce-notice--success.woocommerce-thankyou-order-received&#10;For documentation on this error, please visit: https://selenium.dev/exceptions/#no_such_element&#10;Build info: version: &apos;4.0.0-beta-4&apos;, revision: &apos;29f46d02dd&apos;&#10;System info: host: &apos;WKWIN0100616&apos;, ip: &apos;192.168.43.86&apos;, os.name: &apos;Windows 10&apos;, os.arch: &apos;amd64&apos;, os.version: &apos;10.0&apos;, java.version: &apos;1.8.0_271&apos;&#10;Driver info: org.openqa.selenium.firefox.FirefoxDriver&#10;Command: [76407ec2-4828-4b5c-82c2-9ae1c1bbad34, findElement {using=css selector, value=.woocommerce-notice.woocommerce-notice--success.woocommerce-thankyou-order-received}]&#10;Capabilities {acceptInsecureCerts: true, browserName: firefox, browserVersion: 91.0.1, javascriptEnabled: true, moz:accessibilityChecks: false, moz:buildID: 20210816143654, moz:debuggerAddress: localhost:56046, moz:geckodriverVersion: 0.29.0, moz:headless: false, moz:processID: 21808, moz:profile: C:\Users\kummayan\AppData\L..., moz:shutdownTimeout: 60000, moz:useNonSpecCompliantPointerOrigin: false, moz:webdriverClick: true, pageLoadStrategy: normal, platform: WINDOWS, platformName: WINDOWS, platformVersion: 10.0, proxy: Proxy(), se:cdp: ws://localhost:56046/devtoo..., se:cdpVersion: 85, setWindowRect: true, strictFileInteractability: false, timeouts: {implicit: 0, pageLoad: 300000, script: 30000}, unhandledPromptBehavior: dismiss and notify}&#10;Session ID: 76407ec2-4828-4b5c-82c2-9ae1c1bbad34" type="org.openqa.selenium.NoSuchElementException"><![CDATA[org.openqa.selenium.NoSuchElementException: 
Unable to locate element: .woocommerce-notice.woocommerce-notice--success.woocommerce-thankyou-order-received
For documentation on this error, please visit: https://selenium.dev/exceptions/#no_such_element
Build info: version: '4.0.0-beta-4', revision: '29f46d02dd'
System info: host: 'WKWIN0100616', ip: '192.168.43.86', os.name: 'Windows 10', os.arch: 'amd64', os.version: '10.0', java.version: '1.8.0_271'
Driver info: org.openqa.selenium.firefox.FirefoxDriver
Command: [76407ec2-4828-4b5c-82c2-9ae1c1bbad34, findElement {using=css selector, value=.woocommerce-notice.woocommerce-notice--success.woocommerce-thankyou-order-received}]
Capabilities {acceptInsecureCerts: true, browserName: firefox, browserVersion: 91.0.1, javascriptEnabled: true, moz:accessibilityChecks: false, moz:buildID: 20210816143654, moz:debuggerAddress: localhost:56046, moz:geckodriverVersion: 0.29.0, moz:headless: false, moz:processID: 21808, moz:profile: C:\Users\kummayan\AppData\L..., moz:shutdownTimeout: 60000, moz:useNonSpecCompliantPointerOrigin: false, moz:webdriverClick: true, pageLoadStrategy: normal, platform: WINDOWS, platformName: WINDOWS, platformVersion: 10.0, proxy: Proxy(), se:cdp: ws://localhost:56046/devtoo..., se:cdpVersion: 85, setWindowRect: true, strictFileInteractability: false, timeouts: {implicit: 0, pageLoad: 300000, script: 30000}, unhandledPromptBehavior: dismiss and notify}
Session ID: 76407ec2-4828-4b5c-82c2-9ae1c1bbad34
	at org.selenium.pom.tests.MyFirstTestCase.secondTestCases(MyFirstTestCase.java:101)
]]></failure>
    <system-out><![CDATA[OverLay size is2
Overlay is not visible
]]></system-out>
    <system-err><![CDATA[1629402982721	Marionette	INFO	Stopped listening on port 62316
JavaScript error: resource:///modules/Interactions.jsm, line 209: NS_ERROR_FAILURE: Component returned failure code: 0x80004005 (NS_ERROR_FAILURE) [nsIUserIdleService.removeIdleObserver]
!!! error running onStopped callback: TypeError: callback is not a function
1629402983539	RemoteAgent	ERROR	unable to stop listener: [Exception... "Component returned failure code: 0x8000ffff (NS_ERROR_UNEXPECTED) [nsIWindowMediator.getEnumerator]"  nsresult: "0x8000ffff (NS_ERROR_UNEXPECTED)"  location: "JS frame :: chrome://remote/content/cdp/observers/TargetObserver.jsm :: stop :: line 64"  data: no] Stack trace: stop()@TargetObserver.jsm:64
unwatchForTabs()@TargetList.jsm:70
unwatchForTargets()@TargetList.jsm:37
destructor()@TargetList.jsm:109
stop()@CDP.jsm:104
close()@RemoteAgent.jsm:138
1629402984391	geckodriver	INFO	Listening on 127.0.0.1:16657
1629402984910	mozrunner::runner	INFO	Running command: "C:\\Program Files\\Mozilla Firefox\\firefox.exe" "--marionette" "--remote-debugging-port" "0" "-foreground" "-no-remote" "-profile" "C:\\Users\\kummayan\\AppData\\Local\\Temp\\rust_mozprofilemjdnOH"
1629402985723	Marionette	INFO	Marionette enabled
console.warn: SearchSettings: "get: No settings file exists, new profile?" (new NotFoundError("Could not open the file at C:\\Users\\kummayan\\AppData\\Local\\Temp\\rust_mozprofilemjdnOH\\search.json.mozlz4", (void 0)))
DevTools listening on ws://localhost:56046/devtools/browser/f1ba4219-c236-4a86-b1c1-9e17943fc04f
1629402989414	Marionette	INFO	Listening on port 57084
1629402989789	RemoteAgent	WARN	TLS certificate errors will be ignored for this session
Aug 20, 2021 1:26:29 AM org.openqa.selenium.remote.ProtocolHandshake createSession
INFO: Detected dialect: W3C
JavaScript error: resource://gre/modules/XULStore.jsm, line 66: Error: Can't find profile directory.
JavaScript error: resource://gre/modules/XULStore.jsm, line 66: Error: Can't find profile directory.
]]></system-err>
  </testcase>
</testsuite>